<?xml version="1.0" encoding="UTF-8"?>
<testng-results ignored="0" total="8" passed="7" failed="1" skipped="0">
  <reporter-output>
  </reporter-output>
  <suite started-at="2024-10-22T14:40:24 EDT" name="Open Cart Test Regression PW Suite" finished-at="2024-10-22T14:40:32 EDT" duration-ms="7674">
    <groups>
    </groups>
    <test started-at="2024-10-22T14:40:24 EDT" name="Open Cart Login Page Test" finished-at="2024-10-22T14:40:30 EDT" duration-ms="5960">
      <class name="playwright.testcases.LoginPageTest">
        <test-method is-config="true" signature="setup()[pri:0, instance:playwright.testcases.LoginPageTest@21fd5faa]" started-at="2024-10-22T14:40:24 EDT" name="setup" finished-at="2024-10-22T14:40:29 EDT" duration-ms="4780" status="PASS">
          <reporter-output>
          </reporter-output>
        </test-method> <!-- setup -->
        <test-method signature="navigatetoLoginPage()[pri:1, instance:playwright.testcases.LoginPageTest@21fd5faa]" started-at="2024-10-22T14:40:29 EDT" name="navigatetoLoginPage" finished-at="2024-10-22T14:40:29 EDT" duration-ms="410" status="PASS">
          <reporter-output>
          </reporter-output>
        </test-method> <!-- navigatetoLoginPage -->
        <test-method signature="logintest()[pri:2, instance:playwright.testcases.LoginPageTest@21fd5faa]" started-at="2024-10-22T14:40:29 EDT" name="logintest" finished-at="2024-10-22T14:40:30 EDT" duration-ms="411" status="FAIL">
          <exception class="junit.framework.AssertionFailedError">
            <full-stacktrace>
              <![CDATA[junit.framework.AssertionFailedError
at junit.framework.Assert.fail(Assert.java:47)
at junit.framework.Assert.assertTrue(Assert.java:20)
at junit.framework.Assert.assertTrue(Assert.java:27)
at playwright.testcases.LoginPageTest.logintest(LoginPageTest.java:22)
at java.base/jdk.internal.reflect.DirectMethodHandleAccessor.invoke(DirectMethodHandleAccessor.java:103)
at java.base/java.lang.reflect.Method.invoke(Method.java:580)
at org.testng.internal.invokers.MethodInvocationHelper.invokeMethod(MethodInvocationHelper.java:139)
at org.testng.internal.invokers.TestInvoker.invokeMethod(TestInvoker.java:677)
at org.testng.internal.invokers.TestInvoker.invokeTestMethod(TestInvoker.java:221)
at org.testng.internal.invokers.MethodRunner.runInSequence(MethodRunner.java:50)
at org.testng.internal.invokers.TestInvoker$MethodInvocationAgent.invoke(TestInvoker.java:962)
at org.testng.internal.invokers.TestInvoker.invokeTestMethods(TestInvoker.java:194)
at org.testng.internal.invokers.TestMethodWorker.invokeTestMethods(TestMethodWorker.java:148)
at org.testng.internal.invokers.TestMethodWorker.run(TestMethodWorker.java:128)
at java.base/java.util.ArrayList.forEach(ArrayList.java:1596)
at org.testng.TestRunner.privateRun(TestRunner.java:806)
at org.testng.TestRunner.run(TestRunner.java:601)
at org.testng.SuiteRunner.runTest(SuiteRunner.java:433)
at org.testng.SuiteRunner$SuiteWorker.run(SuiteRunner.java:471)
at org.testng.internal.thread.ThreadUtil.lambda$execute$0(ThreadUtil.java:58)
at java.base/java.util.concurrent.FutureTask.run(FutureTask.java:317)
at java.base/java.util.concurrent.ThreadPoolExecutor.runWorker(ThreadPoolExecutor.java:1144)
at java.base/java.util.concurrent.ThreadPoolExecutor$Worker.run(ThreadPoolExecutor.java:642)
at java.base/java.lang.Thread.run(Thread.java:1583)
]]>
            </full-stacktrace>
          </exception> <!-- junit.framework.AssertionFailedError -->
          <reporter-output>
          </reporter-output>
        </test-method> <!-- logintest -->
        <test-method is-config="true" signature="tearDown()[pri:0, instance:playwright.testcases.LoginPageTest@21fd5faa]" started-at="2024-10-22T14:40:30 EDT" name="tearDown" finished-at="2024-10-22T14:40:30 EDT" duration-ms="75" status="PASS">
          <reporter-output>
          </reporter-output>
        </test-method> <!-- tearDown -->
      </class> <!-- playwright.testcases.LoginPageTest -->
    </test> <!-- Open Cart Login Page Test -->
    <test started-at="2024-10-22T14:40:24 EDT" name="Open Cart Home Page Test" finished-at="2024-10-22T14:40:32 EDT" duration-ms="7674">
      <class name="playwright.testcases.HomePageTest">
        <test-method is-config="true" signature="setup()[pri:0, instance:playwright.testcases.HomePageTest@764faa6]" started-at="2024-10-22T14:40:24 EDT" name="setup" finished-at="2024-10-22T14:40:29 EDT" duration-ms="4988" status="PASS">
          <reporter-output>
          </reporter-output>
        </test-method> <!-- setup -->
        <test-method signature="homePageurl()[pri:1, instance:playwright.testcases.HomePageTest@764faa6]" started-at="2024-10-22T14:40:29 EDT" name="homePageurl" finished-at="2024-10-22T14:40:29 EDT" duration-ms="2" status="PASS">
          <reporter-output>
          </reporter-output>
        </test-method> <!-- homePageurl -->
        <test-method signature="title()[pri:2, instance:playwright.testcases.HomePageTest@764faa6]" started-at="2024-10-22T14:40:29 EDT" name="title" finished-at="2024-10-22T14:40:29 EDT" duration-ms="79" status="PASS">
          <reporter-output>
          </reporter-output>
        </test-method> <!-- title -->
        <test-method signature="searchTest(java.lang.String)[pri:3, instance:playwright.testcases.HomePageTest@764faa6]" started-at="2024-10-22T14:40:29 EDT" name="searchTest" data-provider="getproductData" finished-at="2024-10-22T14:40:30 EDT" duration-ms="419" status="PASS">
          <params>
            <param index="0">
              <value>
                <![CDATA[MacBook]]>
              </value>
            </param>
          </params>
          <reporter-output>
          </reporter-output>
        </test-method> <!-- searchTest -->
        <test-method signature="searchTest(java.lang.String)[pri:3, instance:playwright.testcases.HomePageTest@764faa6]" started-at="2024-10-22T14:40:30 EDT" name="searchTest" data-provider="getproductData" finished-at="2024-10-22T14:40:31 EDT" duration-ms="555" status="PASS">
          <params>
            <param index="0">
              <value>
                <![CDATA[Imac]]>
              </value>
            </param>
          </params>
          <reporter-output>
          </reporter-output>
        </test-method> <!-- searchTest -->
        <test-method signature="searchTest(java.lang.String)[pri:3, instance:playwright.testcases.HomePageTest@764faa6]" started-at="2024-10-22T14:40:31 EDT" name="searchTest" data-provider="getproductData" finished-at="2024-10-22T14:40:31 EDT" duration-ms="430" status="PASS">
          <params>
            <param index="0">
              <value>
                <![CDATA[Samsung]]>
              </value>
            </param>
          </params>
          <reporter-output>
          </reporter-output>
        </test-method> <!-- searchTest -->
        <test-method signature="login()[pri:4, instance:playwright.testcases.HomePageTest@764faa6]" started-at="2024-10-22T14:40:31 EDT" name="login" finished-at="2024-10-22T14:40:32 EDT" duration-ms="371" status="PASS">
          <reporter-output>
          </reporter-output>
        </test-method> <!-- login -->
        <test-method is-config="true" signature="tearDown()[pri:0, instance:playwright.testcases.HomePageTest@764faa6]" started-at="2024-10-22T14:40:32 EDT" name="tearDown" finished-at="2024-10-22T14:40:32 EDT" duration-ms="97" status="PASS">
          <reporter-output>
          </reporter-output>
        </test-method> <!-- tearDown -->
      </class> <!-- playwright.testcases.HomePageTest -->
    </test> <!-- Open Cart Home Page Test -->
  </suite> <!-- Open Cart Test Regression PW Suite -->
</testng-results>
