<?xml version="1.0" encoding="UTF-8"?>
<!-- Generated by org.testng.reporters.JUnitXMLReporter -->
<testsuite ignored="0" hostname="Dharmeshs-MacBook.local" failures="0" tests="6" name="Open Cart Home Page Test" time="7.674" errors="0" timestamp="2024-10-22T14:40:32 EDT">
  <testcase classname="playwright.testcases.HomePageTest" name="homePageurl" time="0.002"/>
  <testcase classname="playwright.testcases.HomePageTest" name="title" time="0.079"/>
  <testcase classname="playwright.testcases.HomePageTest" name="searchTest" time="0.419"/>
  <testcase classname="playwright.testcases.HomePageTest" name="searchTest" time="0.555"/>
  <testcase classname="playwright.testcases.HomePageTest" name="searchTest" time="0.43"/>
  <testcase classname="playwright.testcases.HomePageTest" name="login" time="0.371"/>
</testsuite> <!-- Open Cart Home Page Test -->
